[2021-10-11 10:19:55.527] [renderer1] [error] Error: Unable to read file '/home/joris/Git/fontys/Software/C' (Error: Unable to resolve non-existing file '/home/joris/Git/fontys/Software/C')
    at i.handleSetInputError (vscode-file://vscode-app/opt/visual-studio-code/resources/app/out/vs/workbench/workbench.desktop.main.js:2385:172185)
    at i.handleSetInputError (vscode-file://vscode-app/opt/visual-studio-code/resources/app/out/vs/workbench/workbench.desktop.main.js:2385:176202)
    at i.setInput (vscode-file://vscode-app/opt/visual-studio-code/resources/app/out/vs/workbench/workbench.desktop.main.js:2385:171879)
    at async h.doSetInput (vscode-file://vscode-app/opt/visual-studio-code/resources/app/out/vs/workbench/workbench.desktop.main.js:2385:33390)
    at async h.doOpenEditor (vscode-file://vscode-app/opt/visual-studio-code/resources/app/out/vs/workbench/workbench.desktop.main.js:2385:31790)
    at async h.openEditor (vscode-file://vscode-app/opt/visual-studio-code/resources/app/out/vs/workbench/workbench.desktop.main.js:2385:31438)
    at async vscode-file://vscode-app/opt/visual-studio-code/resources/app/out/vs/workbench/workbench.desktop.main.js:2584:16931
[2021-10-11 10:20:00.842] [renderer1] [error] Error: Unable to read file '/home/joris/Git/fontys/Software/C' (Error: Unable to resolve non-existing file '/home/joris/Git/fontys/Software/C')
    at i.handleSetInputError (vscode-file://vscode-app/opt/visual-studio-code/resources/app/out/vs/workbench/workbench.desktop.main.js:2385:172185)
    at i.handleSetInputError (vscode-file://vscode-app/opt/visual-studio-code/resources/app/out/vs/workbench/workbench.desktop.main.js:2385:176202)
    at i.setInput (vscode-file://vscode-app/opt/visual-studio-code/resources/app/out/vs/workbench/workbench.desktop.main.js:2385:171879)
    at async h.doSetInput (vscode-file://vscode-app/opt/visual-studio-code/resources/app/out/vs/workbench/workbench.desktop.main.js:2385:33390)
    at async h.doOpenEditor (vscode-file://vscode-app/opt/visual-studio-code/resources/app/out/vs/workbench/workbench.desktop.main.js:2385:31790)
    at async h.openEditor (vscode-file://vscode-app/opt/visual-studio-code/resources/app/out/vs/workbench/workbench.desktop.main.js:2385:31438)
    at async vscode-file://vscode-app/opt/visual-studio-code/resources/app/out/vs/workbench/workbench.desktop.main.js:2584:16931
[2021-10-11 10:20:01.644] [renderer1] [error] Error: Unable to read file '/home/joris/Git/fontys/Software/C' (Error: Unable to resolve non-existing file '/home/joris/Git/fontys/Software/C')
    at i.handleSetInputError (vscode-file://vscode-app/opt/visual-studio-code/resources/app/out/vs/workbench/workbench.desktop.main.js:2385:172185)
    at i.handleSetInputError (vscode-file://vscode-app/opt/visual-studio-code/resources/app/out/vs/workbench/workbench.desktop.main.js:2385:176202)
    at i.setInput (vscode-file://vscode-app/opt/visual-studio-code/resources/app/out/vs/workbench/workbench.desktop.main.js:2385:171879)
    at async h.doSetInput (vscode-file://vscode-app/opt/visual-studio-code/resources/app/out/vs/workbench/workbench.desktop.main.js:2385:33390)
    at async h.doOpenEditor (vscode-file://vscode-app/opt/visual-studio-code/resources/app/out/vs/workbench/workbench.desktop.main.js:2385:31790)
    at async h.openEditor (vscode-file://vscode-app/opt/visual-studio-code/resources/app/out/vs/workbench/workbench.desktop.main.js:2385:31438)
    at async vscode-file://vscode-app/opt/visual-studio-code/resources/app/out/vs/workbench/workbench.desktop.main.js:2584:16931
[2021-10-11 10:20:02.162] [renderer1] [error] Error: Unable to read file '/home/joris/Git/fontys/Software/C' (Error: Unable to resolve non-existing file '/home/joris/Git/fontys/Software/C')
    at i.handleSetInputError (vscode-file://vscode-app/opt/visual-studio-code/resources/app/out/vs/workbench/workbench.desktop.main.js:2385:172185)
    at i.handleSetInputError (vscode-file://vscode-app/opt/visual-studio-code/resources/app/out/vs/workbench/workbench.desktop.main.js:2385:176202)
    at i.setInput (vscode-file://vscode-app/opt/visual-studio-code/resources/app/out/vs/workbench/workbench.desktop.main.js:2385:171879)
    at async h.doSetInput (vscode-file://vscode-app/opt/visual-studio-code/resources/app/out/vs/workbench/workbench.desktop.main.js:2385:33390)
    at async h.doOpenEditor (vscode-file://vscode-app/opt/visual-studio-code/resources/app/out/vs/workbench/workbench.desktop.main.js:2385:31790)
    at async h.openEditor (vscode-file://vscode-app/opt/visual-studio-code/resources/app/out/vs/workbench/workbench.desktop.main.js:2385:31438)
    at async vscode-file://vscode-app/opt/visual-studio-code/resources/app/out/vs/workbench/workbench.desktop.main.js:2584:16931
[2021-10-11 10:20:02.584] [renderer1] [error] Error: Unable to read file '/home/joris/Git/fontys/Software/C' (Error: Unable to resolve non-existing file '/home/joris/Git/fontys/Software/C')
    at i.handleSetInputError (vscode-file://vscode-app/opt/visual-studio-code/resources/app/out/vs/workbench/workbench.desktop.main.js:2385:172185)
    at i.handleSetInputError (vscode-file://vscode-app/opt/visual-studio-code/resources/app/out/vs/workbench/workbench.desktop.main.js:2385:176202)
    at i.setInput (vscode-file://vscode-app/opt/visual-studio-code/resources/app/out/vs/workbench/workbench.desktop.main.js:2385:171879)
    at async h.doSetInput (vscode-file://vscode-app/opt/visual-studio-code/resources/app/out/vs/workbench/workbench.desktop.main.js:2385:33390)
    at async h.doOpenEditor (vscode-file://vscode-app/opt/visual-studio-code/resources/app/out/vs/workbench/workbench.desktop.main.js:2385:31790)
    at async h.openEditor (vscode-file://vscode-app/opt/visual-studio-code/resources/app/out/vs/workbench/workbench.desktop.main.js:2385:31438)
    at async vscode-file://vscode-app/opt/visual-studio-code/resources/app/out/vs/workbench/workbench.desktop.main.js:2584:16931
[2021-10-11 10:20:02.779] [renderer1] [error] Error: Unable to read file '/home/joris/Git/fontys/Software/C' (Error: Unable to resolve non-existing file '/home/joris/Git/fontys/Software/C')
    at i.handleSetInputError (vscode-file://vscode-app/opt/visual-studio-code/resources/app/out/vs/workbench/workbench.desktop.main.js:2385:172185)
    at i.handleSetInputError (vscode-file://vscode-app/opt/visual-studio-code/resources/app/out/vs/workbench/workbench.desktop.main.js:2385:176202)
    at i.setInput (vscode-file://vscode-app/opt/visual-studio-code/resources/app/out/vs/workbench/workbench.desktop.main.js:2385:171879)
    at async h.doSetInput (vscode-file://vscode-app/opt/visual-studio-code/resources/app/out/vs/workbench/workbench.desktop.main.js:2385:33390)
    at async h.doOpenEditor (vscode-file://vscode-app/opt/visual-studio-code/resources/app/out/vs/workbench/workbench.desktop.main.js:2385:31790)
    at async h.openEditor (vscode-file://vscode-app/opt/visual-studio-code/resources/app/out/vs/workbench/workbench.desktop.main.js:2385:31438)
    at async vscode-file://vscode-app/opt/visual-studio-code/resources/app/out/vs/workbench/workbench.desktop.main.js:2584:16931
[2021-10-11 10:20:02.954] [renderer1] [error] Error: Unable to read file '/home/joris/Git/fontys/Software/C' (Error: Unable to resolve non-existing file '/home/joris/Git/fontys/Software/C')
    at i.handleSetInputError (vscode-file://vscode-app/opt/visual-studio-code/resources/app/out/vs/workbench/workbench.desktop.main.js:2385:172185)
    at i.handleSetInputError (vscode-file://vscode-app/opt/visual-studio-code/resources/app/out/vs/workbench/workbench.desktop.main.js:2385:176202)
    at i.setInput (vscode-file://vscode-app/opt/visual-studio-code/resources/app/out/vs/workbench/workbench.desktop.main.js:2385:171879)
    at async h.doSetInput (vscode-file://vscode-app/opt/visual-studio-code/resources/app/out/vs/workbench/workbench.desktop.main.js:2385:33390)
    at async h.doOpenEditor (vscode-file://vscode-app/opt/visual-studio-code/resources/app/out/vs/workbench/workbench.desktop.main.js:2385:31790)
    at async h.openEditor (vscode-file://vscode-app/opt/visual-studio-code/resources/app/out/vs/workbench/workbench.desktop.main.js:2385:31438)
    at async vscode-file://vscode-app/opt/visual-studio-code/resources/app/out/vs/workbench/workbench.desktop.main.js:2584:16931
[2021-10-11 10:20:03.116] [renderer1] [error] Error: Unable to read file '/home/joris/Git/fontys/Software/C' (Error: Unable to resolve non-existing file '/home/joris/Git/fontys/Software/C')
    at i.handleSetInputError (vscode-file://vscode-app/opt/visual-studio-code/resources/app/out/vs/workbench/workbench.desktop.main.js:2385:172185)
    at i.handleSetInputError (vscode-file://vscode-app/opt/visual-studio-code/resources/app/out/vs/workbench/workbench.desktop.main.js:2385:176202)
    at i.setInput (vscode-file://vscode-app/opt/visual-studio-code/resources/app/out/vs/workbench/workbench.desktop.main.js:2385:171879)
    at async h.doSetInput (vscode-file://vscode-app/opt/visual-studio-code/resources/app/out/vs/workbench/workbench.desktop.main.js:2385:33390)
    at async h.doOpenEditor (vscode-file://vscode-app/opt/visual-studio-code/resources/app/out/vs/workbench/workbench.desktop.main.js:2385:31790)
    at async h.openEditor (vscode-file://vscode-app/opt/visual-studio-code/resources/app/out/vs/workbench/workbench.desktop.main.js:2385:31438)
    at async vscode-file://vscode-app/opt/visual-studio-code/resources/app/out/vs/workbench/workbench.desktop.main.js:2584:16931
[2021-10-11 10:20:03.277] [renderer1] [error] Error: Unable to read file '/home/joris/Git/fontys/Software/C' (Error: Unable to resolve non-existing file '/home/joris/Git/fontys/Software/C')
    at i.handleSetInputError (vscode-file://vscode-app/opt/visual-studio-code/resources/app/out/vs/workbench/workbench.desktop.main.js:2385:172185)
    at i.handleSetInputError (vscode-file://vscode-app/opt/visual-studio-code/resources/app/out/vs/workbench/workbench.desktop.main.js:2385:176202)
    at i.setInput (vscode-file://vscode-app/opt/visual-studio-code/resources/app/out/vs/workbench/workbench.desktop.main.js:2385:171879)
    at async h.doSetInput (vscode-file://vscode-app/opt/visual-studio-code/resources/app/out/vs/workbench/workbench.desktop.main.js:2385:33390)
    at async h.doOpenEditor (vscode-file://vscode-app/opt/visual-studio-code/resources/app/out/vs/workbench/workbench.desktop.main.js:2385:31790)
    at async h.openEditor (vscode-file://vscode-app/opt/visual-studio-code/resources/app/out/vs/workbench/workbench.desktop.main.js:2385:31438)
    at async vscode-file://vscode-app/opt/visual-studio-code/resources/app/out/vs/workbench/workbench.desktop.main.js:2584:16931
[2021-10-11 10:20:03.839] [renderer1] [error] Error: Unable to read file '/home/joris/Git/fontys/Software/C' (Error: Unable to resolve non-existing file '/home/joris/Git/fontys/Software/C')
    at i.handleSetInputError (vscode-file://vscode-app/opt/visual-studio-code/resources/app/out/vs/workbench/workbench.desktop.main.js:2385:172185)
    at i.handleSetInputError (vscode-file://vscode-app/opt/visual-studio-code/resources/app/out/vs/workbench/workbench.desktop.main.js:2385:176202)
    at i.setInput (vscode-file://vscode-app/opt/visual-studio-code/resources/app/out/vs/workbench/workbench.desktop.main.js:2385:171879)
    at async h.doSetInput (vscode-file://vscode-app/opt/visual-studio-code/resources/app/out/vs/workbench/workbench.desktop.main.js:2385:33390)
    at async h.doOpenEditor (vscode-file://vscode-app/opt/visual-studio-code/resources/app/out/vs/workbench/workbench.desktop.main.js:2385:31790)
    at async h.openEditor (vscode-file://vscode-app/opt/visual-studio-code/resources/app/out/vs/workbench/workbench.desktop.main.js:2385:31438)
    at async vscode-file://vscode-app/opt/visual-studio-code/resources/app/out/vs/workbench/workbench.desktop.main.js:2584:16931
[2021-10-11 10:20:04.029] [renderer1] [error] Error: Unable to read file '/home/joris/Git/fontys/Software/C' (Error: Unable to resolve non-existing file '/home/joris/Git/fontys/Software/C')
    at i.handleSetInputError (vscode-file://vscode-app/opt/visual-studio-code/resources/app/out/vs/workbench/workbench.desktop.main.js:2385:172185)
    at i.handleSetInputError (vscode-file://vscode-app/opt/visual-studio-code/resources/app/out/vs/workbench/workbench.desktop.main.js:2385:176202)
    at i.setInput (vscode-file://vscode-app/opt/visual-studio-code/resources/app/out/vs/workbench/workbench.desktop.main.js:2385:171879)
    at async h.doSetInput (vscode-file://vscode-app/opt/visual-studio-code/resources/app/out/vs/workbench/workbench.desktop.main.js:2385:33390)
    at async h.doOpenEditor (vscode-file://vscode-app/opt/visual-studio-code/resources/app/out/vs/workbench/workbench.desktop.main.js:2385:31790)
    at async h.openEditor (vscode-file://vscode-app/opt/visual-studio-code/resources/app/out/vs/workbench/workbench.desktop.main.js:2385:31438)
    at async vscode-file://vscode-app/opt/visual-studio-code/resources/app/out/vs/workbench/workbench.desktop.main.js:2584:16931
[2021-10-11 10:20:31.412] [renderer1] [error] Error: Unable to read file '/home/joris/Git/fontys/Software/C' (Error: Unable to resolve non-existing file '/home/joris/Git/fontys/Software/C')
    at i.handleSetInputError (vscode-file://vscode-app/opt/visual-studio-code/resources/app/out/vs/workbench/workbench.desktop.main.js:2385:172185)
    at i.handleSetInputError (vscode-file://vscode-app/opt/visual-studio-code/resources/app/out/vs/workbench/workbench.desktop.main.js:2385:176202)
    at i.setInput (vscode-file://vscode-app/opt/visual-studio-code/resources/app/out/vs/workbench/workbench.desktop.main.js:2385:171879)
    at async h.doSetInput (vscode-file://vscode-app/opt/visual-studio-code/resources/app/out/vs/workbench/workbench.desktop.main.js:2385:33390)
    at async h.doOpenEditor (vscode-file://vscode-app/opt/visual-studio-code/resources/app/out/vs/workbench/workbench.desktop.main.js:2385:31790)
    at async h.openEditor (vscode-file://vscode-app/opt/visual-studio-code/resources/app/out/vs/workbench/workbench.desktop.main.js:2385:31438)
    at async vscode-file://vscode-app/opt/visual-studio-code/resources/app/out/vs/workbench/workbench.desktop.main.js:2584:16931
[2021-10-11 10:21:26.230] [renderer1] [error] Error: Unable to read file '/home/joris/Git/fontys/Software/C' (Error: Unable to resolve non-existing file '/home/joris/Git/fontys/Software/C')
    at i.handleSetInputError (vscode-file://vscode-app/opt/visual-studio-code/resources/app/out/vs/workbench/workbench.desktop.main.js:2385:172185)
    at i.handleSetInputError (vscode-file://vscode-app/opt/visual-studio-code/resources/app/out/vs/workbench/workbench.desktop.main.js:2385:176202)
    at i.setInput (vscode-file://vscode-app/opt/visual-studio-code/resources/app/out/vs/workbench/workbench.desktop.main.js:2385:171879)
    at async h.doSetInput (vscode-file://vscode-app/opt/visual-studio-code/resources/app/out/vs/workbench/workbench.desktop.main.js:2385:33390)
    at async h.doOpenEditor (vscode-file://vscode-app/opt/visual-studio-code/resources/app/out/vs/workbench/workbench.desktop.main.js:2385:31790)
    at async h.openEditor (vscode-file://vscode-app/opt/visual-studio-code/resources/app/out/vs/workbench/workbench.desktop.main.js:2385:31438)
    at async vscode-file://vscode-app/opt/visual-studio-code/resources/app/out/vs/workbench/workbench.desktop.main.js:2584:16931
