[2021-10-11 09:05:34.347] [exthost] [info] extension host started
[2021-10-11 09:05:34.445] [exthost] [info] ExtensionService#_doActivateExtension vscode.microsoft-authentication {"startup":false,"extensionId":{"value":"vscode.microsoft-authentication","_lower":"vscode.microsoft-authentication"},"activationEvent":"onAuthenticationRequest:microsoft"}
[2021-10-11 09:05:34.446] [exthost] [info] ExtensionService#loadCommonJSModule file:///opt/visual-studio-code/resources/app/extensions/microsoft-authentication/dist/extension.js
[2021-10-11 09:05:34.453] [exthost] [info] ExtensionService#_doActivateExtension vscode.extension-editing {"startup":false,"extensionId":{"value":"vscode.extension-editing","_lower":"vscode.extension-editing"},"activationEvent":"onLanguage:markdown"}
[2021-10-11 09:05:34.453] [exthost] [info] ExtensionService#loadCommonJSModule file:///opt/visual-studio-code/resources/app/extensions/extension-editing/dist/extensionEditingMain
[2021-10-11 09:05:34.456] [exthost] [info] ExtensionService#_doActivateExtension vscode.markdown-language-features {"startup":false,"extensionId":{"value":"vscode.markdown-language-features","_lower":"vscode.markdown-language-features"},"activationEvent":"onLanguage:markdown"}
[2021-10-11 09:05:34.457] [exthost] [info] ExtensionService#loadCommonJSModule file:///opt/visual-studio-code/resources/app/extensions/markdown-language-features/dist/extension
[2021-10-11 09:05:34.472] [exthost] [info] ExtensionService#_doActivateExtension vscode.debug-auto-launch {"startup":true,"extensionId":{"value":"vscode.debug-auto-launch","_lower":"vscode.debug-auto-launch"},"activationEvent":"*"}
[2021-10-11 09:05:34.473] [exthost] [info] ExtensionService#loadCommonJSModule file:///opt/visual-studio-code/resources/app/extensions/debug-auto-launch/dist/extension
[2021-10-11 09:05:34.475] [exthost] [info] ExtensionService#_doActivateExtension vscode.git {"startup":true,"extensionId":{"value":"vscode.github","_lower":"vscode.github"},"activationEvent":"*"}
[2021-10-11 09:05:34.475] [exthost] [info] ExtensionService#loadCommonJSModule file:///opt/visual-studio-code/resources/app/extensions/git/dist/main
[2021-10-11 09:05:34.723] [exthost] [info] ExtensionService#_doActivateExtension vscode.github {"startup":true,"extensionId":{"value":"vscode.github","_lower":"vscode.github"},"activationEvent":"*"}
[2021-10-11 09:05:34.723] [exthost] [info] ExtensionService#loadCommonJSModule file:///opt/visual-studio-code/resources/app/extensions/github/dist/extension.js
[2021-10-11 09:05:34.770] [exthost] [info] eager extensions activated
[2021-10-11 09:05:34.875] [exthost] [info] ExtensionService#_doActivateExtension ms-vscode.js-debug {"startup":false,"extensionId":{"value":"ms-vscode.js-debug","_lower":"ms-vscode.js-debug"},"activationEvent":"onCommand:extension.js-debug.clearAutoAttachVariables"}
[2021-10-11 09:05:34.875] [exthost] [info] ExtensionService#loadCommonJSModule file:///opt/visual-studio-code/resources/app/extensions/ms-vscode.js-debug/src/extension.js
[2021-10-11 09:05:34.953] [exthost] [info] ExtensionService#_doActivateExtension vscode.emmet {"startup":false,"extensionId":{"value":"vscode.emmet","_lower":"vscode.emmet"},"activationEvent":"onStartupFinished"}
[2021-10-11 09:05:34.953] [exthost] [info] ExtensionService#loadCommonJSModule file:///opt/visual-studio-code/resources/app/extensions/emmet/dist/node/emmetNodeMain
[2021-10-11 09:05:34.957] [exthost] [info] ExtensionService#_doActivateExtension vscode.merge-conflict {"startup":false,"extensionId":{"value":"vscode.merge-conflict","_lower":"vscode.merge-conflict"},"activationEvent":"onStartupFinished"}
[2021-10-11 09:05:34.958] [exthost] [info] ExtensionService#loadCommonJSModule file:///opt/visual-studio-code/resources/app/extensions/merge-conflict/dist/mergeConflictMain
[2021-10-11 09:05:35.002] [exthost] [info] ExtensionService#_doActivateExtension vscode.markdown-math {"startup":false,"extensionId":{"value":"vscode.markdown-language-features","_lower":"vscode.markdown-language-features"},"activationEvent":"api"}
[2021-10-11 09:05:35.002] [exthost] [info] ExtensionService#loadCommonJSModule file:///opt/visual-studio-code/resources/app/extensions/markdown-math/dist/extension
[2021-10-11 09:05:35.016] [exthost] [info] ExtensionService#_doActivateExtension vscode.github-authentication {"startup":false,"extensionId":{"value":"vscode.github-authentication","_lower":"vscode.github-authentication"},"activationEvent":"onAuthenticationRequest:github"}
[2021-10-11 09:05:35.016] [exthost] [info] ExtensionService#loadCommonJSModule file:///opt/visual-studio-code/resources/app/extensions/github-authentication/dist/extension.js
[2021-10-11 09:08:58.919] [exthost] [info] ExtensionService#_doActivateExtension ms-vscode.cpptools {"startup":false,"extensionId":{"value":"platformio.platformio-ide","_lower":"platformio.platformio-ide"},"activationEvent":"*"}
[2021-10-11 09:08:58.919] [exthost] [info] ExtensionService#loadCommonJSModule file:///home/joris/.vscode/extensions/ms-vscode.cpptools-1.6.0/dist/main
[2021-10-11 09:08:59.020] [exthost] [info] ExtensionService#_doActivateExtension streetsidesoftware.code-spell-checker {"startup":false,"extensionId":{"value":"streetsidesoftware.code-spell-checker","_lower":"streetsidesoftware.code-spell-checker"},"activationEvent":"*"}
[2021-10-11 09:08:59.020] [exthost] [info] ExtensionService#loadCommonJSModule file:///home/joris/.vscode/extensions/streetsidesoftware.code-spell-checker-2.0.10/packages/client/dist/extension.js
[2021-10-11 09:08:59.126] [exthost] [info] ExtensionService#_doActivateExtension platformio.platformio-ide {"startup":false,"extensionId":{"value":"platformio.platformio-ide","_lower":"platformio.platformio-ide"},"activationEvent":"*"}
[2021-10-11 09:08:59.126] [exthost] [info] ExtensionService#loadCommonJSModule file:///home/joris/.vscode/extensions/platformio.platformio-ide-2.3.3/dist/extension
[2021-10-11 09:10:30.991] [exthost] [info] extension host terminating: renderer closed the socket
[2021-10-11 09:10:31.010] [exthost] [error] TypeError: Cannot read property 'timeTelemetryCollector' of undefined
	at Object.deactivate (/home/joris/.vscode/extensions/ms-vscode.cpptools-1.6.0/dist/main.js:46550:13)
	at Object.deactivate (/home/joris/.vscode/extensions/ms-vscode.cpptools-1.6.0/dist/main.js:51553:27)
	at v._deactivate (/opt/visual-studio-code/resources/app/out/vs/workbench/services/extensions/node/extensionHostProcess.js:99:11277)
	at /opt/visual-studio-code/resources/app/out/vs/workbench/services/extensions/node/extensionHostProcess.js:99:9991
	at Array.map (<anonymous>)
	at v.deactivateAll (/opt/visual-studio-code/resources/app/out/vs/workbench/services/extensions/node/extensionHostProcess.js:99:9979)
	at E.terminate (/opt/visual-studio-code/resources/app/out/vs/workbench/services/extensions/node/extensionHostProcess.js:103:723)
	at a (/opt/visual-studio-code/resources/app/out/vs/workbench/services/extensions/node/extensionHostProcess.js:113:32208)
	at Socket.<anonymous> (/opt/visual-studio-code/resources/app/out/vs/workbench/services/extensions/node/extensionHostProcess.js:113:29858)
	at Socket.emit (events.js:327:22)
	at Socket.EventEmitter.emit (domain.js:467:12)
	at Pipe.<anonymous> (net.js:673:12)
[2021-10-11 09:10:32.012] [exthost] [info] exiting with code 0
[2021-10-11 09:10:32.467] [exthost] [info] extension host started
[2021-10-11 09:10:32.467] [exthost] [info] Skipping acquiring lock for /home/joris/.config/Code/User/workspaceStorage/bb778b4c8e98b2efd817d1dedec66e43.
[2021-10-11 09:10:32.533] [exthost] [info] ExtensionService#_doActivateExtension vscode.microsoft-authentication {"startup":false,"extensionId":{"value":"vscode.microsoft-authentication","_lower":"vscode.microsoft-authentication"},"activationEvent":"onAuthenticationRequest:microsoft"}
[2021-10-11 09:10:32.533] [exthost] [info] ExtensionService#loadCommonJSModule file:///opt/visual-studio-code/resources/app/extensions/microsoft-authentication/dist/extension.js
[2021-10-11 09:10:32.545] [exthost] [info] ExtensionService#_doActivateExtension ms-dotnettools.csharp {"startup":false,"extensionId":{"value":"ms-dotnettools.csharp","_lower":"ms-dotnettools.csharp"},"activationEvent":"onLanguage:csharp"}
[2021-10-11 09:10:32.545] [exthost] [info] ExtensionService#loadCommonJSModule file:///home/joris/.vscode/extensions/ms-dotnettools.csharp-1.23.15/dist/extension
[2021-10-11 09:10:32.664] [exthost] [info] ExtensionService#_doActivateExtension vscode.debug-auto-launch {"startup":true,"extensionId":{"value":"vscode.debug-auto-launch","_lower":"vscode.debug-auto-launch"},"activationEvent":"*"}
[2021-10-11 09:10:32.664] [exthost] [info] ExtensionService#loadCommonJSModule file:///opt/visual-studio-code/resources/app/extensions/debug-auto-launch/dist/extension
[2021-10-11 09:10:32.666] [exthost] [info] ExtensionService#_doActivateExtension vscode.git {"startup":true,"extensionId":{"value":"vscode.github","_lower":"vscode.github"},"activationEvent":"*"}
[2021-10-11 09:10:32.666] [exthost] [info] ExtensionService#loadCommonJSModule file:///opt/visual-studio-code/resources/app/extensions/git/dist/main
[2021-10-11 09:10:32.681] [exthost] [info] ExtensionService#_doActivateExtension ms-vscode.cpptools {"startup":true,"extensionId":{"value":"platformio.platformio-ide","_lower":"platformio.platformio-ide"},"activationEvent":"*"}
[2021-10-11 09:10:32.681] [exthost] [info] ExtensionService#loadCommonJSModule file:///home/joris/.vscode/extensions/ms-vscode.cpptools-1.6.0/dist/main
[2021-10-11 09:10:32.789] [exthost] [info] ExtensionService#_doActivateExtension streetsidesoftware.code-spell-checker {"startup":true,"extensionId":{"value":"streetsidesoftware.code-spell-checker","_lower":"streetsidesoftware.code-spell-checker"},"activationEvent":"*"}
[2021-10-11 09:10:32.789] [exthost] [info] ExtensionService#loadCommonJSModule file:///home/joris/.vscode/extensions/streetsidesoftware.code-spell-checker-2.0.10/packages/client/dist/extension.js
[2021-10-11 09:10:32.963] [exthost] [info] ExtensionService#_doActivateExtension ms-vscode.js-debug {"startup":false,"extensionId":{"value":"ms-vscode.js-debug","_lower":"ms-vscode.js-debug"},"activationEvent":"onCommand:extension.js-debug.clearAutoAttachVariables"}
[2021-10-11 09:10:32.963] [exthost] [info] ExtensionService#loadCommonJSModule file:///opt/visual-studio-code/resources/app/extensions/ms-vscode.js-debug/src/extension.js
[2021-10-11 09:10:33.079] [exthost] [info] ExtensionService#_doActivateExtension vscode.github {"startup":false,"extensionId":{"value":"vscode.github","_lower":"vscode.github"},"activationEvent":"*"}
[2021-10-11 09:10:33.079] [exthost] [info] ExtensionService#loadCommonJSModule file:///opt/visual-studio-code/resources/app/extensions/github/dist/extension.js
[2021-10-11 09:10:33.081] [exthost] [info] ExtensionService#_doActivateExtension vscode.github-authentication {"startup":false,"extensionId":{"value":"vscode.github-authentication","_lower":"vscode.github-authentication"},"activationEvent":"onAuthenticationRequest:github"}
[2021-10-11 09:10:33.081] [exthost] [info] ExtensionService#loadCommonJSModule file:///opt/visual-studio-code/resources/app/extensions/github-authentication/dist/extension.js
[2021-10-11 09:10:33.163] [exthost] [info] ExtensionService#_doActivateExtension platformio.platformio-ide {"startup":true,"extensionId":{"value":"platformio.platformio-ide","_lower":"platformio.platformio-ide"},"activationEvent":"*"}
[2021-10-11 09:10:33.163] [exthost] [info] ExtensionService#loadCommonJSModule file:///home/joris/.vscode/extensions/platformio.platformio-ide-2.3.3/dist/extension
[2021-10-11 09:10:33.299] [exthost] [info] eager extensions activated
[2021-10-11 09:10:33.374] [exthost] [info] ExtensionService#_doActivateExtension vscode.emmet {"startup":false,"extensionId":{"value":"vscode.emmet","_lower":"vscode.emmet"},"activationEvent":"onStartupFinished"}
[2021-10-11 09:10:33.374] [exthost] [info] ExtensionService#loadCommonJSModule file:///opt/visual-studio-code/resources/app/extensions/emmet/dist/node/emmetNodeMain
[2021-10-11 09:10:33.378] [exthost] [info] ExtensionService#_doActivateExtension vscode.merge-conflict {"startup":false,"extensionId":{"value":"vscode.merge-conflict","_lower":"vscode.merge-conflict"},"activationEvent":"onStartupFinished"}
[2021-10-11 09:10:33.378] [exthost] [info] ExtensionService#loadCommonJSModule file:///opt/visual-studio-code/resources/app/extensions/merge-conflict/dist/mergeConflictMain
[2021-10-11 09:21:09.114] [exthost] [info] extension host terminating: renderer closed the socket
[2021-10-11 09:21:09.129] [exthost] [error] TypeError: Cannot read property 'timeTelemetryCollector' of undefined
	at Object.deactivate (/home/joris/.vscode/extensions/ms-vscode.cpptools-1.6.0/dist/main.js:46550:13)
	at Object.deactivate (/home/joris/.vscode/extensions/ms-vscode.cpptools-1.6.0/dist/main.js:51553:27)
	at v._deactivate (/opt/visual-studio-code/resources/app/out/vs/workbench/services/extensions/node/extensionHostProcess.js:99:11277)
	at /opt/visual-studio-code/resources/app/out/vs/workbench/services/extensions/node/extensionHostProcess.js:99:9991
	at Array.map (<anonymous>)
	at v.deactivateAll (/opt/visual-studio-code/resources/app/out/vs/workbench/services/extensions/node/extensionHostProcess.js:99:9979)
	at E.terminate (/opt/visual-studio-code/resources/app/out/vs/workbench/services/extensions/node/extensionHostProcess.js:103:723)
	at a (/opt/visual-studio-code/resources/app/out/vs/workbench/services/extensions/node/extensionHostProcess.js:113:32208)
	at Socket.<anonymous> (/opt/visual-studio-code/resources/app/out/vs/workbench/services/extensions/node/extensionHostProcess.js:113:29858)
	at Socket.emit (events.js:327:22)
	at Socket.EventEmitter.emit (domain.js:467:12)
	at Pipe.<anonymous> (net.js:673:12)
[2021-10-11 09:21:10.130] [exthost] [info] exiting with code 0
[2021-10-11 09:21:10.379] [exthost] [info] extension host started
[2021-10-11 09:21:10.379] [exthost] [info] Skipping acquiring lock for /home/joris/.config/Code/User/workspaceStorage/20c0564c70121887a94eac42ac3e5062.
[2021-10-11 09:21:10.445] [exthost] [info] ExtensionService#_doActivateExtension vscode.microsoft-authentication {"startup":false,"extensionId":{"value":"vscode.microsoft-authentication","_lower":"vscode.microsoft-authentication"},"activationEvent":"onAuthenticationRequest:microsoft"}
[2021-10-11 09:21:10.445] [exthost] [info] ExtensionService#loadCommonJSModule file:///opt/visual-studio-code/resources/app/extensions/microsoft-authentication/dist/extension.js
[2021-10-11 09:21:10.452] [exthost] [info] ExtensionService#_doActivateExtension vscode.debug-auto-launch {"startup":true,"extensionId":{"value":"vscode.debug-auto-launch","_lower":"vscode.debug-auto-launch"},"activationEvent":"*"}
[2021-10-11 09:21:10.452] [exthost] [info] ExtensionService#loadCommonJSModule file:///opt/visual-studio-code/resources/app/extensions/debug-auto-launch/dist/extension
[2021-10-11 09:21:10.454] [exthost] [info] ExtensionService#_doActivateExtension vscode.git {"startup":true,"extensionId":{"value":"vscode.github","_lower":"vscode.github"},"activationEvent":"*"}
[2021-10-11 09:21:10.454] [exthost] [info] ExtensionService#loadCommonJSModule file:///opt/visual-studio-code/resources/app/extensions/git/dist/main
[2021-10-11 09:21:10.468] [exthost] [info] ExtensionService#_doActivateExtension ms-vscode.cpptools {"startup":true,"extensionId":{"value":"platformio.platformio-ide","_lower":"platformio.platformio-ide"},"activationEvent":"*"}
[2021-10-11 09:21:10.468] [exthost] [info] ExtensionService#loadCommonJSModule file:///home/joris/.vscode/extensions/ms-vscode.cpptools-1.6.0/dist/main
[2021-10-11 09:21:10.563] [exthost] [info] ExtensionService#_doActivateExtension streetsidesoftware.code-spell-checker {"startup":true,"extensionId":{"value":"streetsidesoftware.code-spell-checker","_lower":"streetsidesoftware.code-spell-checker"},"activationEvent":"*"}
[2021-10-11 09:21:10.563] [exthost] [info] ExtensionService#loadCommonJSModule file:///home/joris/.vscode/extensions/streetsidesoftware.code-spell-checker-2.0.10/packages/client/dist/extension.js
[2021-10-11 09:21:10.634] [exthost] [info] ExtensionService#_doActivateExtension ms-dotnettools.csharp {"startup":true,"extensionId":{"value":"ms-dotnettools.csharp","_lower":"ms-dotnettools.csharp"},"activationEvent":"workspaceContains:*.csproj,*.sln,*.slnf,*.csx,*.cake,**/*.csproj,**/*.sln,**/*.slnf,**/*.csx,**/*.cake"}
[2021-10-11 09:21:10.634] [exthost] [info] ExtensionService#loadCommonJSModule file:///home/joris/.vscode/extensions/ms-dotnettools.csharp-1.23.15/dist/extension
[2021-10-11 09:21:10.802] [exthost] [info] ExtensionService#_doActivateExtension ms-vscode.js-debug {"startup":false,"extensionId":{"value":"ms-vscode.js-debug","_lower":"ms-vscode.js-debug"},"activationEvent":"onCommand:extension.js-debug.clearAutoAttachVariables"}
[2021-10-11 09:21:10.803] [exthost] [info] ExtensionService#loadCommonJSModule file:///opt/visual-studio-code/resources/app/extensions/ms-vscode.js-debug/src/extension.js
[2021-10-11 09:21:10.931] [exthost] [info] ExtensionService#_doActivateExtension vscode.github {"startup":false,"extensionId":{"value":"vscode.github","_lower":"vscode.github"},"activationEvent":"*"}
[2021-10-11 09:21:10.931] [exthost] [info] ExtensionService#loadCommonJSModule file:///opt/visual-studio-code/resources/app/extensions/github/dist/extension.js
[2021-10-11 09:21:10.933] [exthost] [info] ExtensionService#_doActivateExtension vscode.github-authentication {"startup":false,"extensionId":{"value":"vscode.github-authentication","_lower":"vscode.github-authentication"},"activationEvent":"onAuthenticationRequest:github"}
[2021-10-11 09:21:10.933] [exthost] [info] ExtensionService#loadCommonJSModule file:///opt/visual-studio-code/resources/app/extensions/github-authentication/dist/extension.js
[2021-10-11 09:21:11.036] [exthost] [info] ExtensionService#_doActivateExtension platformio.platformio-ide {"startup":true,"extensionId":{"value":"platformio.platformio-ide","_lower":"platformio.platformio-ide"},"activationEvent":"*"}
[2021-10-11 09:21:11.037] [exthost] [info] ExtensionService#loadCommonJSModule file:///home/joris/.vscode/extensions/platformio.platformio-ide-2.3.3/dist/extension
[2021-10-11 09:21:11.177] [exthost] [info] eager extensions activated
[2021-10-11 09:21:11.200] [exthost] [info] ExtensionService#_doActivateExtension vscode.emmet {"startup":false,"extensionId":{"value":"vscode.emmet","_lower":"vscode.emmet"},"activationEvent":"onStartupFinished"}
[2021-10-11 09:21:11.200] [exthost] [info] ExtensionService#loadCommonJSModule file:///opt/visual-studio-code/resources/app/extensions/emmet/dist/node/emmetNodeMain
[2021-10-11 09:21:11.204] [exthost] [info] ExtensionService#_doActivateExtension vscode.merge-conflict {"startup":false,"extensionId":{"value":"vscode.merge-conflict","_lower":"vscode.merge-conflict"},"activationEvent":"onStartupFinished"}
[2021-10-11 09:21:11.204] [exthost] [info] ExtensionService#loadCommonJSModule file:///opt/visual-studio-code/resources/app/extensions/merge-conflict/dist/mergeConflictMain
[2021-10-11 09:22:39.161] [exthost] [info] extension host terminating: renderer closed the socket
[2021-10-11 09:22:39.180] [exthost] [error] TypeError: Cannot read property 'timeTelemetryCollector' of undefined
	at Object.deactivate (/home/joris/.vscode/extensions/ms-vscode.cpptools-1.6.0/dist/main.js:46550:13)
	at Object.deactivate (/home/joris/.vscode/extensions/ms-vscode.cpptools-1.6.0/dist/main.js:51553:27)
	at v._deactivate (/opt/visual-studio-code/resources/app/out/vs/workbench/services/extensions/node/extensionHostProcess.js:99:11277)
	at /opt/visual-studio-code/resources/app/out/vs/workbench/services/extensions/node/extensionHostProcess.js:99:9991
	at Array.map (<anonymous>)
	at v.deactivateAll (/opt/visual-studio-code/resources/app/out/vs/workbench/services/extensions/node/extensionHostProcess.js:99:9979)
	at E.terminate (/opt/visual-studio-code/resources/app/out/vs/workbench/services/extensions/node/extensionHostProcess.js:103:723)
	at a (/opt/visual-studio-code/resources/app/out/vs/workbench/services/extensions/node/extensionHostProcess.js:113:32208)
	at Socket.<anonymous> (/opt/visual-studio-code/resources/app/out/vs/workbench/services/extensions/node/extensionHostProcess.js:113:29858)
	at Socket.emit (events.js:327:22)
	at Socket.EventEmitter.emit (domain.js:467:12)
	at Pipe.<anonymous> (net.js:673:12)
[2021-10-11 09:22:40.184] [exthost] [info] exiting with code 0
[2021-10-11 09:22:40.449] [exthost] [info] extension host started
[2021-10-11 09:22:40.449] [exthost] [info] Skipping acquiring lock for /home/joris/.config/Code/User/workspaceStorage/bb778b4c8e98b2efd817d1dedec66e43.
[2021-10-11 09:22:40.561] [exthost] [info] ExtensionService#_doActivateExtension vscode.microsoft-authentication {"startup":false,"extensionId":{"value":"vscode.microsoft-authentication","_lower":"vscode.microsoft-authentication"},"activationEvent":"onAuthenticationRequest:microsoft"}
[2021-10-11 09:22:40.561] [exthost] [info] ExtensionService#loadCommonJSModule file:///opt/visual-studio-code/resources/app/extensions/microsoft-authentication/dist/extension.js
[2021-10-11 09:22:40.570] [exthost] [info] ExtensionService#_doActivateExtension ms-dotnettools.csharp {"startup":false,"extensionId":{"value":"ms-dotnettools.csharp","_lower":"ms-dotnettools.csharp"},"activationEvent":"onLanguage:csharp"}
[2021-10-11 09:22:40.570] [exthost] [info] ExtensionService#loadCommonJSModule file:///home/joris/.vscode/extensions/ms-dotnettools.csharp-1.23.15/dist/extension
[2021-10-11 09:22:40.687] [exthost] [info] ExtensionService#_doActivateExtension vscode.debug-auto-launch {"startup":true,"extensionId":{"value":"vscode.debug-auto-launch","_lower":"vscode.debug-auto-launch"},"activationEvent":"*"}
[2021-10-11 09:22:40.687] [exthost] [info] ExtensionService#loadCommonJSModule file:///opt/visual-studio-code/resources/app/extensions/debug-auto-launch/dist/extension
[2021-10-11 09:22:40.688] [exthost] [info] ExtensionService#_doActivateExtension vscode.git {"startup":true,"extensionId":{"value":"vscode.github","_lower":"vscode.github"},"activationEvent":"*"}
[2021-10-11 09:22:40.688] [exthost] [info] ExtensionService#loadCommonJSModule file:///opt/visual-studio-code/resources/app/extensions/git/dist/main
[2021-10-11 09:22:40.704] [exthost] [info] ExtensionService#_doActivateExtension ms-vscode.cpptools {"startup":true,"extensionId":{"value":"platformio.platformio-ide","_lower":"platformio.platformio-ide"},"activationEvent":"*"}
[2021-10-11 09:22:40.704] [exthost] [info] ExtensionService#loadCommonJSModule file:///home/joris/.vscode/extensions/ms-vscode.cpptools-1.6.0/dist/main
[2021-10-11 09:22:40.804] [exthost] [info] ExtensionService#_doActivateExtension streetsidesoftware.code-spell-checker {"startup":true,"extensionId":{"value":"streetsidesoftware.code-spell-checker","_lower":"streetsidesoftware.code-spell-checker"},"activationEvent":"*"}
[2021-10-11 09:22:40.804] [exthost] [info] ExtensionService#loadCommonJSModule file:///home/joris/.vscode/extensions/streetsidesoftware.code-spell-checker-2.0.10/packages/client/dist/extension.js
[2021-10-11 09:22:40.971] [exthost] [info] ExtensionService#_doActivateExtension ms-vscode.js-debug {"startup":false,"extensionId":{"value":"ms-vscode.js-debug","_lower":"ms-vscode.js-debug"},"activationEvent":"onCommand:extension.js-debug.clearAutoAttachVariables"}
[2021-10-11 09:22:40.971] [exthost] [info] ExtensionService#loadCommonJSModule file:///opt/visual-studio-code/resources/app/extensions/ms-vscode.js-debug/src/extension.js
[2021-10-11 09:22:41.092] [exthost] [info] ExtensionService#_doActivateExtension vscode.github {"startup":false,"extensionId":{"value":"vscode.github","_lower":"vscode.github"},"activationEvent":"*"}
[2021-10-11 09:22:41.092] [exthost] [info] ExtensionService#loadCommonJSModule file:///opt/visual-studio-code/resources/app/extensions/github/dist/extension.js
[2021-10-11 09:22:41.123] [exthost] [info] ExtensionService#_doActivateExtension vscode.github-authentication {"startup":false,"extensionId":{"value":"vscode.github-authentication","_lower":"vscode.github-authentication"},"activationEvent":"onAuthenticationRequest:github"}
[2021-10-11 09:22:41.123] [exthost] [info] ExtensionService#loadCommonJSModule file:///opt/visual-studio-code/resources/app/extensions/github-authentication/dist/extension.js
[2021-10-11 09:22:41.202] [exthost] [info] ExtensionService#_doActivateExtension platformio.platformio-ide {"startup":true,"extensionId":{"value":"platformio.platformio-ide","_lower":"platformio.platformio-ide"},"activationEvent":"*"}
[2021-10-11 09:22:41.202] [exthost] [info] ExtensionService#loadCommonJSModule file:///home/joris/.vscode/extensions/platformio.platformio-ide-2.3.3/dist/extension
[2021-10-11 09:22:41.356] [exthost] [info] eager extensions activated
[2021-10-11 09:22:41.394] [exthost] [info] ExtensionService#_doActivateExtension vscode.emmet {"startup":false,"extensionId":{"value":"vscode.emmet","_lower":"vscode.emmet"},"activationEvent":"onStartupFinished"}
[2021-10-11 09:22:41.395] [exthost] [info] ExtensionService#loadCommonJSModule file:///opt/visual-studio-code/resources/app/extensions/emmet/dist/node/emmetNodeMain
[2021-10-11 09:22:41.399] [exthost] [info] ExtensionService#_doActivateExtension vscode.merge-conflict {"startup":false,"extensionId":{"value":"vscode.merge-conflict","_lower":"vscode.merge-conflict"},"activationEvent":"onStartupFinished"}
[2021-10-11 09:22:41.399] [exthost] [info] ExtensionService#loadCommonJSModule file:///opt/visual-studio-code/resources/app/extensions/merge-conflict/dist/mergeConflictMain
[2021-10-11 09:31:22.082] [exthost] [info] ExtensionService#_doActivateExtension vscode.configuration-editing {"startup":false,"extensionId":{"value":"vscode.configuration-editing","_lower":"vscode.configuration-editing"},"activationEvent":"onLanguage:jsonc"}
[2021-10-11 09:31:22.082] [exthost] [info] ExtensionService#loadCommonJSModule file:///opt/visual-studio-code/resources/app/extensions/configuration-editing/dist/configurationEditingMain
[2021-10-11 09:31:22.098] [exthost] [info] ExtensionService#_doActivateExtension vscode.json-language-features {"startup":false,"extensionId":{"value":"vscode.json-language-features","_lower":"vscode.json-language-features"},"activationEvent":"onLanguage:jsonc"}
[2021-10-11 09:31:22.098] [exthost] [info] ExtensionService#loadCommonJSModule file:///opt/visual-studio-code/resources/app/extensions/json-language-features/client/dist/node/jsonClientMain
[2021-10-11 09:31:22.110] [exthost] [info] ExtensionService#_doActivateExtension vscode.typescript-language-features {"startup":false,"extensionId":{"value":"vscode.typescript-language-features","_lower":"vscode.typescript-language-features"},"activationEvent":"onLanguage:jsonc"}
[2021-10-11 09:31:22.110] [exthost] [info] ExtensionService#loadCommonJSModule file:///opt/visual-studio-code/resources/app/extensions/typescript-language-features/dist/extension
[2021-10-11 10:19:47.714] [exthost] [info] ExtensionService#_doActivateExtension vscode.debug-server-ready {"startup":false,"extensionId":{"value":"vscode.debug-server-ready","_lower":"vscode.debug-server-ready"},"activationEvent":"onDebugResolve"}
[2021-10-11 10:19:47.715] [exthost] [info] ExtensionService#loadCommonJSModule file:///opt/visual-studio-code/resources/app/extensions/debug-server-ready/dist/extension
[2021-10-11 10:19:47.750] [exthost] [info] ExtensionService#_doActivateExtension vscode.grunt {"startup":false,"extensionId":{"value":"vscode.grunt","_lower":"vscode.grunt"},"activationEvent":"onCommand:workbench.action.tasks.runTask"}
[2021-10-11 10:19:47.750] [exthost] [info] ExtensionService#loadCommonJSModule file:///opt/visual-studio-code/resources/app/extensions/grunt/dist/main
[2021-10-11 10:19:47.753] [exthost] [info] ExtensionService#_doActivateExtension vscode.gulp {"startup":false,"extensionId":{"value":"vscode.gulp","_lower":"vscode.gulp"},"activationEvent":"onCommand:workbench.action.tasks.runTask"}
[2021-10-11 10:19:47.753] [exthost] [info] ExtensionService#loadCommonJSModule file:///opt/visual-studio-code/resources/app/extensions/gulp/dist/main
[2021-10-11 10:19:47.754] [exthost] [info] ExtensionService#_doActivateExtension vscode.jake {"startup":false,"extensionId":{"value":"vscode.jake","_lower":"vscode.jake"},"activationEvent":"onCommand:workbench.action.tasks.runTask"}
[2021-10-11 10:19:47.755] [exthost] [info] ExtensionService#loadCommonJSModule file:///opt/visual-studio-code/resources/app/extensions/jake/dist/main
[2021-10-11 10:19:47.756] [exthost] [info] ExtensionService#_doActivateExtension vscode.npm {"startup":false,"extensionId":{"value":"vscode.npm","_lower":"vscode.npm"},"activationEvent":"onCommand:workbench.action.tasks.runTask"}
[2021-10-11 10:19:47.756] [exthost] [info] ExtensionService#loadCommonJSModule file:///opt/visual-studio-code/resources/app/extensions/npm/dist/npmMain
[2021-10-11 10:24:02.940] [exthost] [info] extension host terminating: renderer closed the socket
[2021-10-11 10:24:02.961] [exthost] [error] TypeError: Cannot read property 'timeTelemetryCollector' of undefined
	at Object.deactivate (/home/joris/.vscode/extensions/ms-vscode.cpptools-1.6.0/dist/main.js:46550:13)
	at Object.deactivate (/home/joris/.vscode/extensions/ms-vscode.cpptools-1.6.0/dist/main.js:51553:27)
	at v._deactivate (/opt/visual-studio-code/resources/app/out/vs/workbench/services/extensions/node/extensionHostProcess.js:99:11277)
	at /opt/visual-studio-code/resources/app/out/vs/workbench/services/extensions/node/extensionHostProcess.js:99:9991
	at Array.map (<anonymous>)
	at v.deactivateAll (/opt/visual-studio-code/resources/app/out/vs/workbench/services/extensions/node/extensionHostProcess.js:99:9979)
	at E.terminate (/opt/visual-studio-code/resources/app/out/vs/workbench/services/extensions/node/extensionHostProcess.js:103:723)
	at a (/opt/visual-studio-code/resources/app/out/vs/workbench/services/extensions/node/extensionHostProcess.js:113:32208)
	at Socket.<anonymous> (/opt/visual-studio-code/resources/app/out/vs/workbench/services/extensions/node/extensionHostProcess.js:113:29858)
	at Socket.emit (events.js:327:22)
	at Socket.EventEmitter.emit (domain.js:467:12)
	at Pipe.<anonymous> (net.js:673:12)
[2021-10-11 10:24:03.964] [exthost] [info] exiting with code 0
[2021-10-11 10:24:04.132] [exthost] [info] extension host started
[2021-10-11 10:24:04.194] [exthost] [info] ExtensionService#_doActivateExtension vscode.microsoft-authentication {"startup":false,"extensionId":{"value":"vscode.microsoft-authentication","_lower":"vscode.microsoft-authentication"},"activationEvent":"onAuthenticationRequest:microsoft"}
[2021-10-11 10:24:04.194] [exthost] [info] ExtensionService#loadCommonJSModule file:///opt/visual-studio-code/resources/app/extensions/microsoft-authentication/dist/extension.js
[2021-10-11 10:24:04.200] [exthost] [info] ExtensionService#_doActivateExtension vscode.debug-auto-launch {"startup":true,"extensionId":{"value":"vscode.debug-auto-launch","_lower":"vscode.debug-auto-launch"},"activationEvent":"*"}
[2021-10-11 10:24:04.200] [exthost] [info] ExtensionService#loadCommonJSModule file:///opt/visual-studio-code/resources/app/extensions/debug-auto-launch/dist/extension
[2021-10-11 10:24:04.202] [exthost] [info] ExtensionService#_doActivateExtension vscode.git {"startup":true,"extensionId":{"value":"vscode.github","_lower":"vscode.github"},"activationEvent":"*"}
[2021-10-11 10:24:04.202] [exthost] [info] ExtensionService#loadCommonJSModule file:///opt/visual-studio-code/resources/app/extensions/git/dist/main
[2021-10-11 10:24:04.215] [exthost] [info] ExtensionService#_doActivateExtension ms-vscode.cpptools {"startup":true,"extensionId":{"value":"platformio.platformio-ide","_lower":"platformio.platformio-ide"},"activationEvent":"*"}
[2021-10-11 10:24:04.215] [exthost] [info] ExtensionService#loadCommonJSModule file:///home/joris/.vscode/extensions/ms-vscode.cpptools-1.6.0/dist/main
[2021-10-11 10:24:04.303] [exthost] [info] ExtensionService#_doActivateExtension streetsidesoftware.code-spell-checker {"startup":true,"extensionId":{"value":"streetsidesoftware.code-spell-checker","_lower":"streetsidesoftware.code-spell-checker"},"activationEvent":"*"}
[2021-10-11 10:24:04.303] [exthost] [info] ExtensionService#loadCommonJSModule file:///home/joris/.vscode/extensions/streetsidesoftware.code-spell-checker-2.0.10/packages/client/dist/extension.js
[2021-10-11 10:24:04.384] [exthost] [info] ExtensionService#_doActivateExtension vscode.github {"startup":true,"extensionId":{"value":"vscode.github","_lower":"vscode.github"},"activationEvent":"*"}
[2021-10-11 10:24:04.385] [exthost] [info] ExtensionService#loadCommonJSModule file:///opt/visual-studio-code/resources/app/extensions/github/dist/extension.js
[2021-10-11 10:24:04.388] [exthost] [info] ExtensionService#_doActivateExtension platformio.platformio-ide {"startup":true,"extensionId":{"value":"platformio.platformio-ide","_lower":"platformio.platformio-ide"},"activationEvent":"*"}
[2021-10-11 10:24:04.388] [exthost] [info] ExtensionService#loadCommonJSModule file:///home/joris/.vscode/extensions/platformio.platformio-ide-2.3.3/dist/extension
[2021-10-11 10:24:04.510] [exthost] [info] ExtensionService#_doActivateExtension ms-vscode.js-debug {"startup":false,"extensionId":{"value":"ms-vscode.js-debug","_lower":"ms-vscode.js-debug"},"activationEvent":"onCommand:extension.js-debug.clearAutoAttachVariables"}
[2021-10-11 10:24:04.510] [exthost] [info] ExtensionService#loadCommonJSModule file:///opt/visual-studio-code/resources/app/extensions/ms-vscode.js-debug/src/extension.js
[2021-10-11 10:24:04.647] [exthost] [info] eager extensions activated
[2021-10-11 10:24:04.650] [exthost] [info] ExtensionService#_doActivateExtension vscode.emmet {"startup":false,"extensionId":{"value":"vscode.emmet","_lower":"vscode.emmet"},"activationEvent":"onStartupFinished"}
[2021-10-11 10:24:04.650] [exthost] [info] ExtensionService#loadCommonJSModule file:///opt/visual-studio-code/resources/app/extensions/emmet/dist/node/emmetNodeMain
[2021-10-11 10:24:04.654] [exthost] [info] ExtensionService#_doActivateExtension vscode.merge-conflict {"startup":false,"extensionId":{"value":"vscode.merge-conflict","_lower":"vscode.merge-conflict"},"activationEvent":"onStartupFinished"}
[2021-10-11 10:24:04.654] [exthost] [info] ExtensionService#loadCommonJSModule file:///opt/visual-studio-code/resources/app/extensions/merge-conflict/dist/mergeConflictMain
[2021-10-11 10:24:04.668] [exthost] [info] ExtensionService#_doActivateExtension vscode.github-authentication {"startup":false,"extensionId":{"value":"vscode.github-authentication","_lower":"vscode.github-authentication"},"activationEvent":"onAuthenticationRequest:github"}
[2021-10-11 10:24:04.668] [exthost] [info] ExtensionService#loadCommonJSModule file:///opt/visual-studio-code/resources/app/extensions/github-authentication/dist/extension.js
[2021-10-11 10:24:16.983] [exthost] [info] extension host terminating: renderer closed the socket
[2021-10-11 10:24:17.019] [exthost] [error] TypeError: Cannot read property 'timeTelemetryCollector' of undefined
	at Object.deactivate (/home/joris/.vscode/extensions/ms-vscode.cpptools-1.6.0/dist/main.js:46550:13)
	at Object.deactivate (/home/joris/.vscode/extensions/ms-vscode.cpptools-1.6.0/dist/main.js:51553:27)
	at v._deactivate (/opt/visual-studio-code/resources/app/out/vs/workbench/services/extensions/node/extensionHostProcess.js:99:11277)
	at /opt/visual-studio-code/resources/app/out/vs/workbench/services/extensions/node/extensionHostProcess.js:99:9991
	at Array.map (<anonymous>)
	at v.deactivateAll (/opt/visual-studio-code/resources/app/out/vs/workbench/services/extensions/node/extensionHostProcess.js:99:9979)
	at E.terminate (/opt/visual-studio-code/resources/app/out/vs/workbench/services/extensions/node/extensionHostProcess.js:103:723)
	at a (/opt/visual-studio-code/resources/app/out/vs/workbench/services/extensions/node/extensionHostProcess.js:113:32208)
	at Socket.<anonymous> (/opt/visual-studio-code/resources/app/out/vs/workbench/services/extensions/node/extensionHostProcess.js:113:29858)
	at Socket.emit (events.js:327:22)
	at Socket.EventEmitter.emit (domain.js:467:12)
	at Pipe.<anonymous> (net.js:673:12)
[2021-10-11 10:24:18.022] [exthost] [info] exiting with code 0
[2021-10-11 10:24:18.249] [exthost] [info] extension host started
[2021-10-11 10:24:18.249] [exthost] [info] Skipping acquiring lock for /home/joris/.config/Code/User/workspaceStorage/f48ef379b1957c6f73dfbf4fd15f0d76.
[2021-10-11 10:24:18.321] [exthost] [info] ExtensionService#_doActivateExtension vscode.microsoft-authentication {"startup":false,"extensionId":{"value":"vscode.microsoft-authentication","_lower":"vscode.microsoft-authentication"},"activationEvent":"onAuthenticationRequest:microsoft"}
[2021-10-11 10:24:18.321] [exthost] [info] ExtensionService#loadCommonJSModule file:///opt/visual-studio-code/resources/app/extensions/microsoft-authentication/dist/extension.js
[2021-10-11 10:24:18.332] [exthost] [info] ExtensionService#_doActivateExtension vscode.debug-auto-launch {"startup":true,"extensionId":{"value":"vscode.debug-auto-launch","_lower":"vscode.debug-auto-launch"},"activationEvent":"*"}
[2021-10-11 10:24:18.332] [exthost] [info] ExtensionService#loadCommonJSModule file:///opt/visual-studio-code/resources/app/extensions/debug-auto-launch/dist/extension
[2021-10-11 10:24:18.334] [exthost] [info] ExtensionService#_doActivateExtension vscode.git {"startup":true,"extensionId":{"value":"vscode.github","_lower":"vscode.github"},"activationEvent":"*"}
[2021-10-11 10:24:18.334] [exthost] [info] ExtensionService#loadCommonJSModule file:///opt/visual-studio-code/resources/app/extensions/git/dist/main
[2021-10-11 10:24:18.349] [exthost] [info] ExtensionService#_doActivateExtension ms-vscode.cpptools {"startup":true,"extensionId":{"value":"platformio.platformio-ide","_lower":"platformio.platformio-ide"},"activationEvent":"*"}
[2021-10-11 10:24:18.349] [exthost] [info] ExtensionService#loadCommonJSModule file:///home/joris/.vscode/extensions/ms-vscode.cpptools-1.6.0/dist/main
[2021-10-11 10:24:18.449] [exthost] [info] ExtensionService#_doActivateExtension streetsidesoftware.code-spell-checker {"startup":true,"extensionId":{"value":"streetsidesoftware.code-spell-checker","_lower":"streetsidesoftware.code-spell-checker"},"activationEvent":"*"}
[2021-10-11 10:24:18.449] [exthost] [info] ExtensionService#loadCommonJSModule file:///home/joris/.vscode/extensions/streetsidesoftware.code-spell-checker-2.0.10/packages/client/dist/extension.js
[2021-10-11 10:24:18.518] [exthost] [info] ExtensionService#_doActivateExtension ms-dotnettools.csharp {"startup":true,"extensionId":{"value":"ms-dotnettools.csharp","_lower":"ms-dotnettools.csharp"},"activationEvent":"workspaceContains:*.csproj,*.sln,*.slnf,*.csx,*.cake,**/*.csproj,**/*.sln,**/*.slnf,**/*.csx,**/*.cake"}
[2021-10-11 10:24:18.518] [exthost] [info] ExtensionService#loadCommonJSModule file:///home/joris/.vscode/extensions/ms-dotnettools.csharp-1.23.15/dist/extension
[2021-10-11 10:24:18.677] [exthost] [info] ExtensionService#_doActivateExtension ms-vscode.js-debug {"startup":false,"extensionId":{"value":"ms-vscode.js-debug","_lower":"ms-vscode.js-debug"},"activationEvent":"onCommand:extension.js-debug.clearAutoAttachVariables"}
[2021-10-11 10:24:18.677] [exthost] [info] ExtensionService#loadCommonJSModule file:///opt/visual-studio-code/resources/app/extensions/ms-vscode.js-debug/src/extension.js
[2021-10-11 10:24:18.813] [exthost] [info] ExtensionService#_doActivateExtension vscode.github {"startup":false,"extensionId":{"value":"vscode.github","_lower":"vscode.github"},"activationEvent":"*"}
[2021-10-11 10:24:18.813] [exthost] [info] ExtensionService#loadCommonJSModule file:///opt/visual-studio-code/resources/app/extensions/github/dist/extension.js
[2021-10-11 10:24:18.815] [exthost] [info] ExtensionService#_doActivateExtension vscode.github-authentication {"startup":false,"extensionId":{"value":"vscode.github-authentication","_lower":"vscode.github-authentication"},"activationEvent":"onAuthenticationRequest:github"}
[2021-10-11 10:24:18.815] [exthost] [info] ExtensionService#loadCommonJSModule file:///opt/visual-studio-code/resources/app/extensions/github-authentication/dist/extension.js
[2021-10-11 10:24:18.941] [exthost] [info] ExtensionService#_doActivateExtension platformio.platformio-ide {"startup":true,"extensionId":{"value":"platformio.platformio-ide","_lower":"platformio.platformio-ide"},"activationEvent":"*"}
[2021-10-11 10:24:18.941] [exthost] [info] ExtensionService#loadCommonJSModule file:///home/joris/.vscode/extensions/platformio.platformio-ide-2.3.3/dist/extension
[2021-10-11 10:24:19.106] [exthost] [info] eager extensions activated
[2021-10-11 10:24:19.120] [exthost] [info] ExtensionService#_doActivateExtension vscode.emmet {"startup":false,"extensionId":{"value":"vscode.emmet","_lower":"vscode.emmet"},"activationEvent":"onStartupFinished"}
[2021-10-11 10:24:19.120] [exthost] [info] ExtensionService#loadCommonJSModule file:///opt/visual-studio-code/resources/app/extensions/emmet/dist/node/emmetNodeMain
[2021-10-11 10:24:19.124] [exthost] [info] ExtensionService#_doActivateExtension vscode.merge-conflict {"startup":false,"extensionId":{"value":"vscode.merge-conflict","_lower":"vscode.merge-conflict"},"activationEvent":"onStartupFinished"}
[2021-10-11 10:24:19.124] [exthost] [info] ExtensionService#loadCommonJSModule file:///opt/visual-studio-code/resources/app/extensions/merge-conflict/dist/mergeConflictMain
[2021-10-11 14:12:55.635] [exthost] [info] extension host terminating: renderer closed the socket
[2021-10-11 14:12:55.662] [exthost] [error] TypeError: Cannot read property 'timeTelemetryCollector' of undefined
	at Object.deactivate (/home/joris/.vscode/extensions/ms-vscode.cpptools-1.6.0/dist/main.js:46550:13)
	at Object.deactivate (/home/joris/.vscode/extensions/ms-vscode.cpptools-1.6.0/dist/main.js:51553:27)
	at v._deactivate (/opt/visual-studio-code/resources/app/out/vs/workbench/services/extensions/node/extensionHostProcess.js:99:11277)
	at /opt/visual-studio-code/resources/app/out/vs/workbench/services/extensions/node/extensionHostProcess.js:99:9991
	at Array.map (<anonymous>)
	at v.deactivateAll (/opt/visual-studio-code/resources/app/out/vs/workbench/services/extensions/node/extensionHostProcess.js:99:9979)
	at E.terminate (/opt/visual-studio-code/resources/app/out/vs/workbench/services/extensions/node/extensionHostProcess.js:103:723)
	at a (/opt/visual-studio-code/resources/app/out/vs/workbench/services/extensions/node/extensionHostProcess.js:113:32208)
	at Socket.<anonymous> (/opt/visual-studio-code/resources/app/out/vs/workbench/services/extensions/node/extensionHostProcess.js:113:29858)
	at Socket.emit (events.js:327:22)
	at Socket.EventEmitter.emit (domain.js:467:12)
	at Pipe.<anonymous> (net.js:673:12)
[2021-10-11 14:12:56.666] [exthost] [info] exiting with code 0
